<?xml version="1.0" encoding="UTF-8"?>
<testng-results ignored="0" total="1" passed="1" failed="0" skipped="0">
  <reporter-output>
  </reporter-output>
  <suite started-at="2023-03-13T17:57:52 IST" name="Default suite" finished-at="2023-03-13T17:57:52 IST" duration-ms="93">
    <groups>
    </groups>
    <test started-at="2023-03-13T17:57:52 IST" name="Default test" finished-at="2023-03-13T17:57:52 IST" duration-ms="93">
      <class name="ustbatchno3.TestNG.CustomerTest">
        <test-method signature="Test1()[pri:0, instance:ustbatchno3.TestNG.CustomerTest@4b0b0854]" started-at="2023-03-13T17:57:52 IST" name="Test1" finished-at="2023-03-13T17:57:52 IST" duration-ms="26" status="PASS">
          <reporter-output>
          </reporter-output>
        </test-method> <!-- Test1 -->
      </class> <!-- ustbatchno3.TestNG.CustomerTest -->
    </test> <!-- Default test -->
  </suite> <!-- Default suite -->
</testng-results>
